{"C:\\Users\\Marco\\MEGA\\Excel\\Curso\\Curso-React\\012-PERN\\admin-productos\\backend\\src\\config\\db.ts": {"path":"C:\\Users\\Marco\\MEGA\\Excel\\Curso\\Curso-React\\012-PERN\\admin-productos\\backend\\src\\config\\db.ts","statementMap":{"0":{"start":{"line":1,"column":0},"end":{"line":1,"column":48}},"1":{"start":{"line":2,"column":0},"end":{"line":2,"column":28}},"2":{"start":{"line":4,"column":11},"end":{"line":15,"column":2}},"3":{"start":{"line":17,"column":0},"end":{"line":17,"column":18}}},"fnMap":{},"branchMap":{},"s":{"0":2,"1":2,"2":2,"3":2},"f":{},"b":{}}
,"C:\\Users\\Marco\\MEGA\\Excel\\Curso\\Curso-React\\012-PERN\\admin-productos\\backend\\src\\config\\env.ts": {"path":"C:\\Users\\Marco\\MEGA\\Excel\\Curso\\Curso-React\\012-PERN\\admin-productos\\backend\\src\\config\\env.ts","statementMap":{"0":{"start":{"line":1,"column":0},"end":{"line":1,"column":27}},"1":{"start":{"line":4,"column":0},"end":{"line":4,"column":15}},"2":{"start":{"line":6,"column":12},"end":{"line":6,"column":23}},"3":{"start":{"line":10,"column":13},"end":{"line":16,"column":null}}},"fnMap":{},"branchMap":{},"s":{"0":2,"1":2,"2":2,"3":2},"f":{},"b":{}}
,"C:\\Users\\Marco\\MEGA\\Excel\\Curso\\Curso-React\\012-PERN\\admin-productos\\backend\\src\\controllers\\products.ts": {"path":"C:\\Users\\Marco\\MEGA\\Excel\\Curso\\Curso-React\\012-PERN\\admin-productos\\backend\\src\\controllers\\products.ts","statementMap":{"0":{"start":{"line":2,"column":0},"end":{"line":2,"column":135}},"1":{"start":{"line":4,"column":0},"end":{"line":4,"column":42}},"2":{"start":{"line":6,"column":0},"end":{"line":6,"column":71}},"3":{"start":{"line":7,"column":0},"end":{"line":7,"column":78}},"4":{"start":{"line":8,"column":0},"end":{"line":8,"column":48}},"5":{"start":{"line":9,"column":0},"end":{"line":9,"column":31}},"6":{"start":{"line":10,"column":0},"end":{"line":10,"column":49}},"7":{"start":{"line":13,"column":36},"end":{"line":66,"column":null}},"8":{"start":{"line":13,"column":88},"end":{"line":66,"column":null}},"9":{"start":{"line":19,"column":6},"end":{"line":19,"column":46}},"10":{"start":{"line":21,"column":36},"end":{"line":26,"column":4}},"11":{"start":{"line":27,"column":26},"end":{"line":27,"column":60}},"12":{"start":{"line":29,"column":22},"end":{"line":30,"column":58}},"13":{"start":{"line":29,"column":43},"end":{"line":29,"column":87}},"14":{"start":{"line":30,"column":17},"end":{"line":30,"column":56}},"15":{"start":{"line":32,"column":21},"end":{"line":32,"column":86}},"16":{"start":{"line":32,"column":41},"end":{"line":32,"column":85}},"17":{"start":{"line":34,"column":2},"end":{"line":34,"column":39}},"18":{"start":{"line":37,"column":25},"end":{"line":44,"column":4}},"19":{"start":{"line":41,"column":26},"end":{"line":41,"column":42}},"20":{"start":{"line":45,"column":21},"end":{"line":45,"column":42}},"21":{"start":{"line":46,"column":29},"end":{"line":46,"column":50}},"22":{"start":{"line":47,"column":44},"end":{"line":47,"column":91}},"23":{"start":{"line":51,"column":6},"end":{"line":63,"column":null}},"24":{"start":{"line":65,"column":2},"end":{"line":65,"column":21}},"25":{"start":{"line":13,"column":13},"end":{"line":13,"column":36}},"26":{"start":{"line":68,"column":27},"end":{"line":83,"column":null}},"27":{"start":{"line":68,"column":79},"end":{"line":83,"column":null}},"28":{"start":{"line":69,"column":2},"end":{"line":82,"column":3}},"29":{"start":{"line":70,"column":21},"end":{"line":70,"column":44}},"30":{"start":{"line":71,"column":47},"end":{"line":74,"column":null}},"31":{"start":{"line":75,"column":4},"end":{"line":75,"column":23}},"32":{"start":{"line":77,"column":37},"end":{"line":80,"column":null}},"33":{"start":{"line":81,"column":4},"end":{"line":81,"column":31}},"34":{"start":{"line":68,"column":13},"end":{"line":68,"column":27}},"35":{"start":{"line":85,"column":29},"end":{"line":106,"column":null}},"36":{"start":{"line":85,"column":81},"end":{"line":106,"column":null}},"37":{"start":{"line":86,"column":2},"end":{"line":105,"column":3}},"38":{"start":{"line":87,"column":18},"end":{"line":87,"column":53}},"39":{"start":{"line":88,"column":4},"end":{"line":88,"column":34}},"40":{"start":{"line":89,"column":25},"end":{"line":89,"column":45}},"41":{"start":{"line":91,"column":17},"end":{"line":91,"column":42}},"42":{"start":{"line":93,"column":44},"end":{"line":96,"column":null}},"43":{"start":{"line":98,"column":4},"end":{"line":98,"column":35}},"44":{"start":{"line":100,"column":37},"end":{"line":103,"column":null}},"45":{"start":{"line":104,"column":4},"end":{"line":104,"column":31}},"46":{"start":{"line":85,"column":13},"end":{"line":85,"column":29}},"47":{"start":{"line":108,"column":30},"end":{"line":141,"column":null}},"48":{"start":{"line":108,"column":82},"end":{"line":141,"column":null}},"49":{"start":{"line":109,"column":2},"end":{"line":140,"column":3}},"50":{"start":{"line":111,"column":17},"end":{"line":111,"column":56}},"51":{"start":{"line":113,"column":20},"end":{"line":117,"column":6}},"52":{"start":{"line":119,"column":4},"end":{"line":125,"column":5}},"53":{"start":{"line":120,"column":6},"end":{"line":123,"column":31}},"54":{"start":{"line":124,"column":6},"end":{"line":124,"column":13}},"55":{"start":{"line":127,"column":44},"end":{"line":130,"column":null}},"56":{"start":{"line":132,"column":4},"end":{"line":132,"column":23}},"57":{"start":{"line":135,"column":37},"end":{"line":138,"column":null}},"58":{"start":{"line":139,"column":4},"end":{"line":139,"column":31}},"59":{"start":{"line":108,"column":13},"end":{"line":108,"column":30}},"60":{"start":{"line":143,"column":29},"end":{"line":189,"column":null}},"61":{"start":{"line":143,"column":81},"end":{"line":189,"column":null}},"62":{"start":{"line":144,"column":2},"end":{"line":188,"column":3}},"63":{"start":{"line":145,"column":17},"end":{"line":145,"column":56}},"64":{"start":{"line":146,"column":18},"end":{"line":146,"column":53}},"65":{"start":{"line":147,"column":4},"end":{"line":147,"column":34}},"66":{"start":{"line":148,"column":4},"end":{"line":157,"column":5}},"67":{"start":{"line":149,"column":6},"end":{"line":155,"column":9}},"68":{"start":{"line":156,"column":6},"end":{"line":156,"column":13}},"69":{"start":{"line":159,"column":19},"end":{"line":163,"column":6}},"70":{"start":{"line":165,"column":4},"end":{"line":171,"column":5}},"71":{"start":{"line":166,"column":6},"end":{"line":169,"column":31}},"72":{"start":{"line":170,"column":6},"end":{"line":170,"column":13}},"73":{"start":{"line":173,"column":4},"end":{"line":173,"column":33}},"74":{"start":{"line":175,"column":44},"end":{"line":178,"column":null}},"75":{"start":{"line":180,"column":4},"end":{"line":180,"column":23}},"76":{"start":{"line":183,"column":37},"end":{"line":186,"column":null}},"77":{"start":{"line":187,"column":4},"end":{"line":187,"column":31}},"78":{"start":{"line":143,"column":13},"end":{"line":143,"column":29}},"79":{"start":{"line":191,"column":40},"end":{"line":226,"column":null}},"80":{"start":{"line":191,"column":92},"end":{"line":226,"column":null}},"81":{"start":{"line":192,"column":2},"end":{"line":225,"column":3}},"82":{"start":{"line":193,"column":17},"end":{"line":193,"column":56}},"83":{"start":{"line":194,"column":27},"end":{"line":194,"column":68}},"84":{"start":{"line":196,"column":19},"end":{"line":196,"column":45}},"85":{"start":{"line":199,"column":4},"end":{"line":205,"column":5}},"86":{"start":{"line":200,"column":6},"end":{"line":203,"column":31}},"87":{"start":{"line":204,"column":6},"end":{"line":204,"column":13}},"88":{"start":{"line":207,"column":4},"end":{"line":209,"column":7}},"89":{"start":{"line":212,"column":44},"end":{"line":215,"column":null}},"90":{"start":{"line":217,"column":4},"end":{"line":217,"column":23}},"91":{"start":{"line":220,"column":37},"end":{"line":223,"column":null}},"92":{"start":{"line":224,"column":4},"end":{"line":224,"column":31}},"93":{"start":{"line":191,"column":13},"end":{"line":191,"column":40}},"94":{"start":{"line":228,"column":29},"end":{"line":257,"column":null}},"95":{"start":{"line":228,"column":81},"end":{"line":257,"column":null}},"96":{"start":{"line":229,"column":2},"end":{"line":256,"column":3}},"97":{"start":{"line":230,"column":17},"end":{"line":230,"column":56}},"98":{"start":{"line":232,"column":19},"end":{"line":232,"column":45}},"99":{"start":{"line":234,"column":4},"end":{"line":239,"column":5}},"100":{"start":{"line":235,"column":6},"end":{"line":237,"column":9}},"101":{"start":{"line":238,"column":6},"end":{"line":238,"column":13}},"102":{"start":{"line":241,"column":4},"end":{"line":241,"column":27}},"103":{"start":{"line":243,"column":44},"end":{"line":246,"column":null}},"104":{"start":{"line":248,"column":4},"end":{"line":248,"column":23}},"105":{"start":{"line":251,"column":37},"end":{"line":254,"column":null}},"106":{"start":{"line":255,"column":4},"end":{"line":255,"column":31}},"107":{"start":{"line":228,"column":13},"end":{"line":228,"column":29}}},"fnMap":{"0":{"name":"(anonymous_8)","decl":{"start":{"line":13,"column":36},"end":{"line":13,"column":43}},"loc":{"start":{"line":13,"column":88},"end":{"line":66,"column":null}}},"1":{"name":"(anonymous_9)","decl":{"start":{"line":13,"column":88},"end":{"line":13,"column":null}},"loc":{"start":{"line":13,"column":88},"end":{"line":66,"column":1}}},"2":{"name":"(anonymous_10)","decl":{"start":{"line":29,"column":36},"end":{"line":29,"column":37}},"loc":{"start":{"line":29,"column":43},"end":{"line":29,"column":87}}},"3":{"name":"(anonymous_11)","decl":{"start":{"line":30,"column":9},"end":{"line":30,"column":10}},"loc":{"start":{"line":30,"column":17},"end":{"line":30,"column":56}}},"4":{"name":"(anonymous_12)","decl":{"start":{"line":32,"column":34},"end":{"line":32,"column":35}},"loc":{"start":{"line":32,"column":41},"end":{"line":32,"column":85}}},"5":{"name":"(anonymous_13)","decl":{"start":{"line":41,"column":21},"end":{"line":41,"column":22}},"loc":{"start":{"line":41,"column":26},"end":{"line":41,"column":42}}},"6":{"name":"(anonymous_14)","decl":{"start":{"line":68,"column":27},"end":{"line":68,"column":34}},"loc":{"start":{"line":68,"column":79},"end":{"line":83,"column":null}}},"7":{"name":"(anonymous_15)","decl":{"start":{"line":68,"column":79},"end":{"line":68,"column":null}},"loc":{"start":{"line":68,"column":79},"end":{"line":83,"column":1}}},"8":{"name":"(anonymous_16)","decl":{"start":{"line":85,"column":29},"end":{"line":85,"column":36}},"loc":{"start":{"line":85,"column":81},"end":{"line":106,"column":null}}},"9":{"name":"(anonymous_17)","decl":{"start":{"line":85,"column":81},"end":{"line":85,"column":null}},"loc":{"start":{"line":85,"column":81},"end":{"line":106,"column":1}}},"10":{"name":"(anonymous_18)","decl":{"start":{"line":108,"column":30},"end":{"line":108,"column":37}},"loc":{"start":{"line":108,"column":82},"end":{"line":141,"column":null}}},"11":{"name":"(anonymous_19)","decl":{"start":{"line":108,"column":82},"end":{"line":108,"column":null}},"loc":{"start":{"line":108,"column":82},"end":{"line":141,"column":1}}},"12":{"name":"(anonymous_20)","decl":{"start":{"line":143,"column":29},"end":{"line":143,"column":36}},"loc":{"start":{"line":143,"column":81},"end":{"line":189,"column":null}}},"13":{"name":"(anonymous_21)","decl":{"start":{"line":143,"column":81},"end":{"line":143,"column":null}},"loc":{"start":{"line":143,"column":81},"end":{"line":189,"column":1}}},"14":{"name":"(anonymous_22)","decl":{"start":{"line":191,"column":40},"end":{"line":191,"column":47}},"loc":{"start":{"line":191,"column":92},"end":{"line":226,"column":null}}},"15":{"name":"(anonymous_23)","decl":{"start":{"line":191,"column":92},"end":{"line":191,"column":null}},"loc":{"start":{"line":191,"column":92},"end":{"line":226,"column":1}}},"16":{"name":"(anonymous_24)","decl":{"start":{"line":228,"column":29},"end":{"line":228,"column":36}},"loc":{"start":{"line":228,"column":81},"end":{"line":257,"column":null}}},"17":{"name":"(anonymous_25)","decl":{"start":{"line":228,"column":81},"end":{"line":228,"column":null}},"loc":{"start":{"line":228,"column":81},"end":{"line":257,"column":1}}}},"branchMap":{"0":{"loc":{"start":{"line":17,"column":4},"end":{"line":17,"column":14}},"type":"default-arg","locations":[{"start":{"line":17,"column":12},"end":{"line":17,"column":14}}]},"1":{"loc":{"start":{"line":18,"column":4},"end":{"line":18,"column":15}},"type":"default-arg","locations":[{"start":{"line":18,"column":13},"end":{"line":18,"column":15}}]},"2":{"loc":{"start":{"line":40,"column":11},"end":{"line":42,"column":19}},"type":"cond-expr","locations":[{"start":{"line":41,"column":6},"end":{"line":41,"column":43}},{"start":{"line":42,"column":6},"end":{"line":42,"column":19}}]},"3":{"loc":{"start":{"line":119,"column":4},"end":{"line":125,"column":5}},"type":"if","locations":[{"start":{"line":119,"column":4},"end":{"line":125,"column":5}}]},"4":{"loc":{"start":{"line":148,"column":4},"end":{"line":157,"column":5}},"type":"if","locations":[{"start":{"line":148,"column":4},"end":{"line":157,"column":5}}]},"5":{"loc":{"start":{"line":165,"column":4},"end":{"line":171,"column":5}},"type":"if","locations":[{"start":{"line":165,"column":4},"end":{"line":171,"column":5}}]},"6":{"loc":{"start":{"line":199,"column":4},"end":{"line":205,"column":5}},"type":"if","locations":[{"start":{"line":199,"column":4},"end":{"line":205,"column":5}}]},"7":{"loc":{"start":{"line":234,"column":4},"end":{"line":239,"column":5}},"type":"if","locations":[{"start":{"line":234,"column":4},"end":{"line":239,"column":5}}]}},"s":{"0":2,"1":2,"2":2,"3":2,"4":2,"5":2,"6":2,"7":2,"8":2,"9":2,"10":2,"11":2,"12":2,"13":1,"14":1,"15":2,"16":1,"17":2,"18":2,"19":1,"20":2,"21":2,"22":2,"23":2,"24":2,"25":2,"26":2,"27":1,"28":1,"29":1,"30":1,"31":1,"32":0,"33":0,"34":2,"35":2,"36":1,"37":1,"38":1,"39":1,"40":1,"41":1,"42":1,"43":1,"44":0,"45":0,"46":2,"47":2,"48":2,"49":2,"50":2,"51":2,"52":2,"53":2,"54":2,"55":0,"56":0,"57":0,"58":0,"59":2,"60":2,"61":4,"62":4,"63":4,"64":4,"65":4,"66":4,"67":1,"68":1,"69":3,"70":3,"71":3,"72":3,"73":0,"74":0,"75":0,"76":0,"77":0,"78":2,"79":2,"80":2,"81":2,"82":2,"83":2,"84":2,"85":2,"86":2,"87":2,"88":0,"89":0,"90":0,"91":0,"92":0,"93":2,"94":2,"95":2,"96":2,"97":2,"98":2,"99":2,"100":2,"101":2,"102":0,"103":0,"104":0,"105":0,"106":0,"107":2},"f":{"0":2,"1":2,"2":1,"3":1,"4":1,"5":1,"6":1,"7":1,"8":1,"9":1,"10":2,"11":2,"12":4,"13":4,"14":2,"15":2,"16":2,"17":2},"b":{"0":[1],"1":[1],"2":[1,1],"3":[2],"4":[1],"5":[3],"6":[2],"7":[2]}}
,"C:\\Users\\Marco\\MEGA\\Excel\\Curso\\Curso-React\\012-PERN\\admin-productos\\backend\\src\\entities\\Product.ts": {"path":"C:\\Users\\Marco\\MEGA\\Excel\\Curso\\Curso-React\\012-PERN\\admin-productos\\backend\\src\\entities\\Product.ts","statementMap":{"0":{"start":{"line":1,"column":0},"end":{"line":1,"column":98}},"1":{"start":{"line":7,"column":0},"end":{"line":34,"column":null}},"2":{"start":{"line":13,"column":10},"end":{"line":13,"column":null}},"3":{"start":{"line":20,"column":10},"end":{"line":20,"column":null}},"4":{"start":{"line":27,"column":10},"end":{"line":27,"column":null}},"5":{"start":{"line":33,"column":10},"end":{"line":33,"column":null}},"6":{"start":{"line":7,"column":6},"end":{"line":34,"column":null}},"7":{"start":{"line":36,"column":0},"end":{"line":36,"column":23}}},"fnMap":{},"branchMap":{},"s":{"0":3,"1":3,"2":3,"3":3,"4":3,"5":3,"6":3,"7":3},"f":{},"b":{}}
,"C:\\Users\\Marco\\MEGA\\Excel\\Curso\\Curso-React\\012-PERN\\admin-productos\\backend\\src\\middlewares\\validator-schema.middleware.ts": {"path":"C:\\Users\\Marco\\MEGA\\Excel\\Curso\\Curso-React\\012-PERN\\admin-productos\\backend\\src\\middlewares\\validator-schema.middleware.ts","statementMap":{"0":{"start":{"line":2,"column":0},"end":{"line":2,"column":36}},"1":{"start":{"line":4,"column":17},"end":{"line":24,"column":1}},"2":{"start":{"line":8,"column":2},"end":{"line":23,"column":4}},"3":{"start":{"line":8,"column":34},"end":{"line":23,"column":4}},"4":{"start":{"line":9,"column":4},"end":{"line":22,"column":5}},"5":{"start":{"line":10,"column":6},"end":{"line":10,"column":43}},"6":{"start":{"line":11,"column":6},"end":{"line":11,"column":13}},"7":{"start":{"line":14,"column":6},"end":{"line":21,"column":7}},"8":{"start":{"line":15,"column":8},"end":{"line":18,"column":11}},"9":{"start":{"line":20,"column":8},"end":{"line":20,"column":18}},"10":{"start":{"line":26,"column":28},"end":{"line":28,"column":1}},"11":{"start":{"line":27,"column":2},"end":{"line":27,"column":34}},"12":{"start":{"line":38,"column":9},"end":{"line":38,"column":28}},"13":{"start":{"line":30,"column":30},"end":{"line":32,"column":1}},"14":{"start":{"line":31,"column":2},"end":{"line":31,"column":36}},"15":{"start":{"line":38,"column":30},"end":{"line":38,"column":51}},"16":{"start":{"line":34,"column":29},"end":{"line":36,"column":1}},"17":{"start":{"line":35,"column":2},"end":{"line":35,"column":35}},"18":{"start":{"line":38,"column":53},"end":{"line":38,"column":73}}},"fnMap":{"0":{"name":"(anonymous_7)","decl":{"start":{"line":4,"column":17},"end":{"line":4,"column":null}},"loc":{"start":{"line":7,"column":20},"end":{"line":24,"column":1}}},"1":{"name":"(anonymous_8)","decl":{"start":{"line":8,"column":9},"end":{"line":8,"column":16}},"loc":{"start":{"line":8,"column":34},"end":{"line":23,"column":4}}},"2":{"name":"(anonymous_9)","decl":{"start":{"line":8,"column":34},"end":{"line":8,"column":null}},"loc":{"start":{"line":8,"column":34},"end":{"line":23,"column":3}}},"3":{"name":"(anonymous_10)","decl":{"start":{"line":26,"column":28},"end":{"line":26,"column":29}},"loc":{"start":{"line":26,"column":67},"end":{"line":28,"column":1}}},"4":{"name":"(anonymous_11)","decl":{"start":{"line":30,"column":30},"end":{"line":30,"column":31}},"loc":{"start":{"line":30,"column":69},"end":{"line":32,"column":1}}},"5":{"name":"(anonymous_12)","decl":{"start":{"line":34,"column":29},"end":{"line":34,"column":30}},"loc":{"start":{"line":34,"column":68},"end":{"line":36,"column":1}}}},"branchMap":{"0":{"loc":{"start":{"line":14,"column":6},"end":{"line":21,"column":7}},"type":"if","locations":[{"start":{"line":14,"column":6},"end":{"line":21,"column":7}},{"start":{"line":19,"column":13},"end":{"line":21,"column":7}}]}},"s":{"0":3,"1":3,"2":22,"3":37,"4":37,"5":37,"6":24,"7":13,"8":13,"9":0,"10":3,"11":8,"12":3,"13":3,"14":10,"15":3,"16":3,"17":4,"18":3},"f":{"0":22,"1":37,"2":37,"3":8,"4":10,"5":4},"b":{"0":[13,0]}}
,"C:\\Users\\Marco\\MEGA\\Excel\\Curso\\Curso-React\\012-PERN\\admin-productos\\backend\\src\\models\\server.ts": {"path":"C:\\Users\\Marco\\MEGA\\Excel\\Curso\\Curso-React\\012-PERN\\admin-productos\\backend\\src\\models\\server.ts","statementMap":{"0":{"start":{"line":1,"column":0},"end":{"line":1,"column":30}},"1":{"start":{"line":2,"column":0},"end":{"line":2,"column":30}},"2":{"start":{"line":3,"column":0},"end":{"line":3,"column":59}},"3":{"start":{"line":4,"column":0},"end":{"line":4,"column":47}},"4":{"start":{"line":12,"column":6},"end":{"line":12,"column":27}},"5":{"start":{"line":13,"column":6},"end":{"line":13,"column":23}},"6":{"start":{"line":14,"column":6},"end":{"line":16,"column":7}},"7":{"start":{"line":15,"column":8},"end":{"line":15,"column":20}},"8":{"start":{"line":20,"column":6},"end":{"line":20,"column":23}},"9":{"start":{"line":21,"column":6},"end":{"line":21,"column":29}},"10":{"start":{"line":22,"column":6},"end":{"line":22,"column":29}},"11":{"start":{"line":26,"column":6},"end":{"line":33,"column":7}},"12":{"start":{"line":27,"column":8},"end":{"line":27,"column":32}},"13":{"start":{"line":28,"column":8},"end":{"line":28,"column":18}},"14":{"start":{"line":31,"column":8},"end":{"line":31,"column":68}},"15":{"start":{"line":32,"column":8},"end":{"line":32,"column":58}},"16":{"start":{"line":37,"column":6},"end":{"line":37,"column":35}},"17":{"start":{"line":38,"column":6},"end":{"line":38,"column":58}},"18":{"start":{"line":42,"column":6},"end":{"line":42,"column":52}},"19":{"start":{"line":44,"column":6},"end":{"line":48,"column":9}},"20":{"start":{"line":45,"column":8},"end":{"line":47,"column":null}},"21":{"start":{"line":52,"column":6},"end":{"line":52,"column":64}},"22":{"start":{"line":56,"column":6},"end":{"line":56,"column":41}},"23":{"start":{"line":61,"column":0},"end":{"line":61,"column":22}}},"fnMap":{"0":{"name":"(anonymous_8)","decl":{"start":{"line":11,"column":4},"end":{"line":11,"column":16}},"loc":{"start":{"line":11,"column":40},"end":{"line":17,"column":5}}},"1":{"name":"(anonymous_9)","decl":{"start":{"line":19,"column":10},"end":{"line":19,"column":14}},"loc":{"start":{"line":19,"column":14},"end":{"line":23,"column":null}}},"2":{"name":"(anonymous_11)","decl":{"start":{"line":25,"column":10},"end":{"line":25,"column":19}},"loc":{"start":{"line":25,"column":19},"end":{"line":34,"column":null}}},"3":{"name":"(anonymous_13)","decl":{"start":{"line":36,"column":4},"end":{"line":36,"column":13}},"loc":{"start":{"line":36,"column":13},"end":{"line":39,"column":5}}},"4":{"name":"(anonymous_14)","decl":{"start":{"line":41,"column":4},"end":{"line":41,"column":19}},"loc":{"start":{"line":41,"column":19},"end":{"line":49,"column":5}}},"5":{"name":"(anonymous_15)","decl":{"start":{"line":44,"column":27},"end":{"line":44,"column":28}},"loc":{"start":{"line":44,"column":40},"end":{"line":48,"column":7}}},"6":{"name":"(anonymous_16)","decl":{"start":{"line":51,"column":4},"end":{"line":51,"column":9}},"loc":{"start":{"line":51,"column":30},"end":{"line":53,"column":5}}},"7":{"name":"(anonymous_17)","decl":{"start":{"line":55,"column":4},"end":{"line":55,"column":8}},"loc":{"start":{"line":55,"column":29},"end":{"line":57,"column":5}}}},"branchMap":{"0":{"loc":{"start":{"line":11,"column":16},"end":{"line":11,"column":40}},"type":"default-arg","locations":[{"start":{"line":11,"column":36},"end":{"line":11,"column":40}}]},"1":{"loc":{"start":{"line":14,"column":6},"end":{"line":16,"column":7}},"type":"if","locations":[{"start":{"line":14,"column":6},"end":{"line":16,"column":7}}]}},"s":{"0":2,"1":2,"2":2,"3":2,"4":22,"5":22,"6":22,"7":21,"8":22,"9":22,"10":22,"11":22,"12":22,"13":21,"14":1,"15":1,"16":22,"17":22,"18":22,"19":22,"20":1,"21":1,"22":1,"23":2},"f":{"0":22,"1":22,"2":22,"3":22,"4":22,"5":1,"6":1,"7":1},"b":{"0":[21],"1":[21]}}
,"C:\\Users\\Marco\\MEGA\\Excel\\Curso\\Curso-React\\012-PERN\\admin-productos\\backend\\src\\routes\\products.ts": {"path":"C:\\Users\\Marco\\MEGA\\Excel\\Curso\\Curso-React\\012-PERN\\admin-productos\\backend\\src\\routes\\products.ts","statementMap":{"0":{"start":{"line":1,"column":0},"end":{"line":1,"column":32}},"1":{"start":{"line":2,"column":0},"end":{"line":2,"column":126}},"2":{"start":{"line":3,"column":0},"end":{"line":3,"column":135}},"3":{"start":{"line":4,"column":0},"end":{"line":4,"column":162}},"4":{"start":{"line":5,"column":0},"end":{"line":5,"column":71}},"5":{"start":{"line":7,"column":15},"end":{"line":7,"column":23}},"6":{"start":{"line":11,"column":0},"end":{"line":11,"column":29}},"7":{"start":{"line":13,"column":0},"end":{"line":16,"column":null}},"8":{"start":{"line":18,"column":0},"end":{"line":21,"column":2}},"9":{"start":{"line":23,"column":0},"end":{"line":26,"column":2}},"10":{"start":{"line":28,"column":0},"end":{"line":32,"column":2}},"11":{"start":{"line":34,"column":0},"end":{"line":38,"column":2}},"12":{"start":{"line":40,"column":0},"end":{"line":43,"column":2}},"13":{"start":{"line":45,"column":0},"end":{"line":45,"column":22}}},"fnMap":{},"branchMap":{},"s":{"0":2,"1":2,"2":2,"3":2,"4":2,"5":2,"6":2,"7":2,"8":2,"9":2,"10":2,"11":2,"12":2,"13":2},"f":{},"b":{}}
,"C:\\Users\\Marco\\MEGA\\Excel\\Curso\\Curso-React\\012-PERN\\admin-productos\\backend\\src\\schemas\\pagination.schema.ts": {"path":"C:\\Users\\Marco\\MEGA\\Excel\\Curso\\Curso-React\\012-PERN\\admin-productos\\backend\\src\\schemas\\pagination.schema.ts","statementMap":{"0":{"start":{"line":1,"column":0},"end":{"line":1,"column":24}},"1":{"start":{"line":5,"column":13},"end":{"line":8,"column":null}},"2":{"start":{"line":10,"column":13},"end":{"line":13,"column":null}},"3":{"start":{"line":15,"column":13},"end":{"line":20,"column":null}}},"fnMap":{},"branchMap":{},"s":{"0":2,"1":2,"2":2,"3":2},"f":{},"b":{}}
,"C:\\Users\\Marco\\MEGA\\Excel\\Curso\\Curso-React\\012-PERN\\admin-productos\\backend\\src\\schemas\\product.schema.ts": {"path":"C:\\Users\\Marco\\MEGA\\Excel\\Curso\\Curso-React\\012-PERN\\admin-productos\\backend\\src\\schemas\\product.schema.ts","statementMap":{"0":{"start":{"line":1,"column":0},"end":{"line":1,"column":24}},"1":{"start":{"line":4,"column":13},"end":{"line":8,"column":null}},"2":{"start":{"line":10,"column":13},"end":{"line":13,"column":null}},"3":{"start":{"line":15,"column":13},"end":{"line":19,"column":3}},"4":{"start":{"line":17,"column":26},"end":{"line":17,"column":39}},"5":{"start":{"line":18,"column":21},"end":{"line":18,"column":28}},"6":{"start":{"line":21,"column":13},"end":{"line":23,"column":null}}},"fnMap":{"0":{"name":"(anonymous_0)","decl":{"start":{"line":17,"column":15},"end":{"line":17,"column":16}},"loc":{"start":{"line":17,"column":26},"end":{"line":17,"column":39}}},"1":{"name":"(anonymous_1)","decl":{"start":{"line":18,"column":12},"end":{"line":18,"column":13}},"loc":{"start":{"line":18,"column":21},"end":{"line":18,"column":28}}}},"branchMap":{},"s":{"0":2,"1":2,"2":2,"3":2,"4":26,"5":26,"6":2},"f":{"0":26,"1":26},"b":{}}
,"C:\\Users\\Marco\\MEGA\\Excel\\Curso\\Curso-React\\012-PERN\\admin-productos\\backend\\src\\utils\\consoleUtil.ts": {"path":"C:\\Users\\Marco\\MEGA\\Excel\\Curso\\Curso-React\\012-PERN\\admin-productos\\backend\\src\\utils\\consoleUtil.ts","statementMap":{"0":{"start":{"line":1,"column":0},"end":{"line":1,"column":39}},"1":{"start":{"line":4,"column":20},"end":{"line":10,"column":1}},"2":{"start":{"line":6,"column":22},"end":{"line":8,"column":14}},"3":{"start":{"line":7,"column":4},"end":{"line":7,"column":57}},"4":{"start":{"line":9,"column":2},"end":{"line":9,"column":34}},"5":{"start":{"line":12,"column":24},"end":{"line":14,"column":1}},"6":{"start":{"line":13,"column":2},"end":{"line":13,"column":44}},"7":{"start":{"line":12,"column":13},"end":{"line":12,"column":24}},"8":{"start":{"line":16,"column":25},"end":{"line":18,"column":1}},"9":{"start":{"line":17,"column":2},"end":{"line":17,"column":43}},"10":{"start":{"line":16,"column":13},"end":{"line":16,"column":25}},"11":{"start":{"line":20,"column":27},"end":{"line":22,"column":1}},"12":{"start":{"line":21,"column":2},"end":{"line":21,"column":45}},"13":{"start":{"line":20,"column":13},"end":{"line":20,"column":27}}},"fnMap":{"0":{"name":"(anonymous_1)","decl":{"start":{"line":4,"column":20},"end":{"line":4,"column":21}},"loc":{"start":{"line":4,"column":54},"end":{"line":10,"column":1}}},"1":{"name":"(anonymous_2)","decl":{"start":{"line":6,"column":34},"end":{"line":6,"column":35}},"loc":{"start":{"line":6,"column":40},"end":{"line":8,"column":3}}},"2":{"name":"(anonymous_3)","decl":{"start":{"line":12,"column":24},"end":{"line":12,"column":25}},"loc":{"start":{"line":12,"column":46},"end":{"line":14,"column":1}}},"3":{"name":"(anonymous_4)","decl":{"start":{"line":16,"column":25},"end":{"line":16,"column":26}},"loc":{"start":{"line":16,"column":47},"end":{"line":18,"column":1}}},"4":{"name":"(anonymous_5)","decl":{"start":{"line":20,"column":27},"end":{"line":20,"column":28}},"loc":{"start":{"line":20,"column":49},"end":{"line":22,"column":1}}}},"branchMap":{"0":{"loc":{"start":{"line":7,"column":11},"end":{"line":7,"column":56}},"type":"cond-expr","locations":[{"start":{"line":7,"column":35},"end":{"line":7,"column":36}},{"start":{"line":7,"column":39},"end":{"line":7,"column":56}}]}},"s":{"0":3,"1":3,"2":6,"3":9,"4":6,"5":3,"6":3,"7":3,"8":3,"9":2,"10":3,"11":3,"12":1,"13":3},"f":{"0":6,"1":9,"2":3,"3":2,"4":1},"b":{"0":[6,3]}}
,"C:\\Users\\Marco\\MEGA\\Excel\\Curso\\Curso-React\\012-PERN\\admin-productos\\backend\\src\\utils\\objectUtil.ts": {"path":"C:\\Users\\Marco\\MEGA\\Excel\\Curso\\Curso-React\\012-PERN\\admin-productos\\backend\\src\\utils\\objectUtil.ts","statementMap":{"0":{"start":{"line":5,"column":25},"end":{"line":34,"column":1}},"1":{"start":{"line":10,"column":17},"end":{"line":10,"column":28}},"2":{"start":{"line":12,"column":2},"end":{"line":32,"column":null}},"3":{"start":{"line":14,"column":22},"end":{"line":14,"column":60}},"4":{"start":{"line":16,"column":4},"end":{"line":18,"column":5}},"5":{"start":{"line":17,"column":6},"end":{"line":17,"column":13}},"6":{"start":{"line":20,"column":19},"end":{"line":20,"column":33}},"7":{"start":{"line":21,"column":18},"end":{"line":21,"column":35}},"8":{"start":{"line":24,"column":4},"end":{"line":26,"column":5}},"9":{"start":{"line":25,"column":6},"end":{"line":25,"column":53}},"10":{"start":{"line":29,"column":4},"end":{"line":31,"column":5}},"11":{"start":{"line":30,"column":6},"end":{"line":30,"column":66}},"12":{"start":{"line":33,"column":2},"end":{"line":33,"column":19}},"13":{"start":{"line":5,"column":13},"end":{"line":5,"column":25}}},"fnMap":{"0":{"name":"(anonymous_0)","decl":{"start":{"line":5,"column":25},"end":{"line":5,"column":44}},"loc":{"start":{"line":8,"column":18},"end":{"line":34,"column":1}}},"1":{"name":"(anonymous_1)","decl":{"start":{"line":12,"column":33},"end":{"line":12,"column":34}},"loc":{"start":{"line":12,"column":41},"end":{"line":32,"column":3}}}},"branchMap":{"0":{"loc":{"start":{"line":5,"column":51},"end":{"line":8,"column":14}},"type":"default-arg","locations":[{"start":{"line":8,"column":12},"end":{"line":8,"column":14}}]},"1":{"loc":{"start":{"line":6,"column":2},"end":{"line":6,"column":21}},"type":"default-arg","locations":[{"start":{"line":6,"column":12},"end":{"line":6,"column":21}}]},"2":{"loc":{"start":{"line":7,"column":2},"end":{"line":7,"column":19}},"type":"default-arg","locations":[{"start":{"line":7,"column":14},"end":{"line":7,"column":19}}]},"3":{"loc":{"start":{"line":14,"column":22},"end":{"line":14,"column":60}},"type":"cond-expr","locations":[{"start":{"line":14,"column":32},"end":{"line":14,"column":53}},{"start":{"line":14,"column":56},"end":{"line":14,"column":60}}]},"4":{"loc":{"start":{"line":16,"column":4},"end":{"line":18,"column":5}},"type":"if","locations":[{"start":{"line":16,"column":4},"end":{"line":18,"column":5}}]},"5":{"loc":{"start":{"line":24,"column":4},"end":{"line":26,"column":5}},"type":"if","locations":[{"start":{"line":24,"column":4},"end":{"line":26,"column":5}}]},"6":{"loc":{"start":{"line":29,"column":4},"end":{"line":31,"column":5}},"type":"if","locations":[{"start":{"line":29,"column":4},"end":{"line":31,"column":5}}]},"7":{"loc":{"start":{"line":29,"column":7},"end":{"line":29,"column":88}},"type":"binary-expr","locations":[{"start":{"line":29,"column":7},"end":{"line":29,"column":16}},{"start":{"line":29,"column":20},"end":{"line":29,"column":45}},{"start":{"line":29,"column":49},"end":{"line":29,"column":63}},{"start":{"line":29,"column":67},"end":{"line":29,"column":88}}]}},"s":{"0":3,"1":10,"2":10,"3":26,"4":26,"5":1,"6":25,"7":25,"8":25,"9":9,"10":25,"11":1,"12":10,"13":3},"f":{"0":10,"1":26},"b":{"0":[7],"1":[9],"2":[7],"3":[2,24],"4":[1],"5":[9],"6":[1],"7":[25,3,1,1]}}
,"C:\\Users\\Marco\\MEGA\\Excel\\Curso\\Curso-React\\012-PERN\\admin-productos\\backend\\src\\utils\\pageUtils.ts": {"path":"C:\\Users\\Marco\\MEGA\\Excel\\Curso\\Curso-React\\012-PERN\\admin-productos\\backend\\src\\utils\\pageUtils.ts","statementMap":{"0":{"start":{"line":3,"column":29},"end":{"line":7,"column":1}},"1":{"start":{"line":4,"column":17},"end":{"line":4,"column":43}},"2":{"start":{"line":5,"column":16},"end":{"line":5,"column":24}},"3":{"start":{"line":6,"column":2},"end":{"line":6,"column":27}},"4":{"start":{"line":3,"column":13},"end":{"line":3,"column":29}},"5":{"start":{"line":9,"column":41},"end":{"line":15,"column":1}},"6":{"start":{"line":11,"column":21},"end":{"line":11,"column":53}},"7":{"start":{"line":12,"column":20},"end":{"line":12,"column":21}},"8":{"start":{"line":13,"column":19},"end":{"line":13,"column":29}},"9":{"start":{"line":14,"column":2},"end":{"line":14,"column":45}},"10":{"start":{"line":9,"column":13},"end":{"line":9,"column":41}}},"fnMap":{"0":{"name":"(anonymous_0)","decl":{"start":{"line":3,"column":29},"end":{"line":3,"column":30}},"loc":{"start":{"line":3,"column":87},"end":{"line":7,"column":1}}},"1":{"name":"(anonymous_1)","decl":{"start":{"line":9,"column":41},"end":{"line":9,"column":42}},"loc":{"start":{"line":9,"column":101},"end":{"line":15,"column":1}}}},"branchMap":{},"s":{"0":2,"1":2,"2":2,"3":2,"4":2,"5":2,"6":2,"7":2,"8":2,"9":2,"10":2},"f":{"0":2,"1":2},"b":{}}
}
