TN:
SF:src\config\db.ts
FNF:0
FNH:0
DA:1,2
DA:2,2
DA:4,2
DA:17,2
LF:4
LH:4
BRF:0
BRH:0
end_of_record
TN:
SF:src\config\env.ts
FNF:0
FNH:0
DA:1,2
DA:4,2
DA:6,2
DA:10,2
LF:4
LH:4
BRF:0
BRH:0
end_of_record
TN:
SF:src\controllers\products.ts
FN:13,(anonymous_8)
FN:13,(anonymous_9)
FN:29,(anonymous_10)
FN:30,(anonymous_11)
FN:32,(anonymous_12)
FN:41,(anonymous_13)
FN:68,(anonymous_14)
FN:68,(anonymous_15)
FN:85,(anonymous_16)
FN:85,(anonymous_17)
FN:108,(anonymous_18)
FN:108,(anonymous_19)
FN:143,(anonymous_20)
FN:143,(anonymous_21)
FN:191,(anonymous_22)
FN:191,(anonymous_23)
FN:228,(anonymous_24)
FN:228,(anonymous_25)
FNF:18
FNH:18
FNDA:2,(anonymous_8)
FNDA:2,(anonymous_9)
FNDA:1,(anonymous_10)
FNDA:1,(anonymous_11)
FNDA:1,(anonymous_12)
FNDA:1,(anonymous_13)
FNDA:1,(anonymous_14)
FNDA:1,(anonymous_15)
FNDA:1,(anonymous_16)
FNDA:1,(anonymous_17)
FNDA:2,(anonymous_18)
FNDA:2,(anonymous_19)
FNDA:4,(anonymous_20)
FNDA:4,(anonymous_21)
FNDA:2,(anonymous_22)
FNDA:2,(anonymous_23)
FNDA:2,(anonymous_24)
FNDA:2,(anonymous_25)
DA:2,2
DA:4,2
DA:6,2
DA:7,2
DA:8,2
DA:9,2
DA:10,2
DA:13,2
DA:19,2
DA:21,2
DA:27,2
DA:29,2
DA:30,1
DA:32,2
DA:34,2
DA:37,2
DA:41,1
DA:45,2
DA:46,2
DA:47,2
DA:51,2
DA:65,2
DA:68,2
DA:69,1
DA:70,1
DA:71,1
DA:75,1
DA:77,0
DA:81,0
DA:85,2
DA:86,1
DA:87,1
DA:88,1
DA:89,1
DA:91,1
DA:93,1
DA:98,1
DA:100,0
DA:104,0
DA:108,2
DA:109,2
DA:111,2
DA:113,2
DA:119,2
DA:120,2
DA:124,2
DA:127,0
DA:132,0
DA:135,0
DA:139,0
DA:143,4
DA:144,4
DA:145,4
DA:146,4
DA:147,4
DA:148,4
DA:149,1
DA:156,1
DA:159,3
DA:165,3
DA:166,3
DA:170,3
DA:173,0
DA:175,0
DA:180,0
DA:183,0
DA:187,0
DA:191,2
DA:192,2
DA:193,2
DA:194,2
DA:196,2
DA:199,2
DA:200,2
DA:204,2
DA:207,0
DA:212,0
DA:217,0
DA:220,0
DA:224,0
DA:228,2
DA:229,2
DA:230,2
DA:232,2
DA:234,2
DA:235,2
DA:238,2
DA:241,0
DA:243,0
DA:248,0
DA:251,0
DA:255,0
LF:92
LH:69
BRDA:17,0,0,1
BRDA:18,1,0,1
BRDA:40,2,0,1
BRDA:40,2,1,1
BRDA:119,3,0,2
BRDA:148,4,0,1
BRDA:165,5,0,3
BRDA:199,6,0,2
BRDA:234,7,0,2
BRF:9
BRH:9
end_of_record
TN:
SF:src\entities\Product.ts
FNF:0
FNH:0
DA:1,3
DA:7,3
DA:13,3
DA:20,3
DA:27,3
DA:33,3
DA:36,3
LF:7
LH:7
BRF:0
BRH:0
end_of_record
TN:
SF:src\middlewares\validator-schema.middleware.ts
FN:4,(anonymous_7)
FN:8,(anonymous_8)
FN:8,(anonymous_9)
FN:26,(anonymous_10)
FN:30,(anonymous_11)
FN:34,(anonymous_12)
FNF:6
FNH:6
FNDA:22,(anonymous_7)
FNDA:37,(anonymous_8)
FNDA:37,(anonymous_9)
FNDA:8,(anonymous_10)
FNDA:10,(anonymous_11)
FNDA:4,(anonymous_12)
DA:2,3
DA:4,3
DA:8,37
DA:9,37
DA:10,37
DA:11,24
DA:14,13
DA:15,13
DA:20,0
DA:26,3
DA:27,8
DA:30,3
DA:31,10
DA:34,3
DA:35,4
DA:38,3
LF:16
LH:15
BRDA:14,0,0,13
BRDA:14,0,1,0
BRF:2
BRH:1
end_of_record
TN:
SF:src\models\server.ts
FN:11,(anonymous_8)
FN:19,(anonymous_9)
FN:25,(anonymous_11)
FN:36,(anonymous_13)
FN:41,(anonymous_14)
FN:44,(anonymous_15)
FN:51,(anonymous_16)
FN:55,(anonymous_17)
FNF:8
FNH:8
FNDA:22,(anonymous_8)
FNDA:22,(anonymous_9)
FNDA:22,(anonymous_11)
FNDA:22,(anonymous_13)
FNDA:22,(anonymous_14)
FNDA:1,(anonymous_15)
FNDA:1,(anonymous_16)
FNDA:1,(anonymous_17)
DA:1,2
DA:2,2
DA:3,2
DA:4,2
DA:12,22
DA:13,22
DA:14,22
DA:15,21
DA:20,22
DA:21,22
DA:22,22
DA:26,22
DA:27,22
DA:28,21
DA:31,1
DA:32,1
DA:37,22
DA:38,22
DA:42,22
DA:44,22
DA:45,1
DA:52,1
DA:56,1
DA:61,2
LF:24
LH:24
BRDA:11,0,0,21
BRDA:14,1,0,21
BRF:2
BRH:2
end_of_record
TN:
SF:src\routes\products.ts
FNF:0
FNH:0
DA:1,2
DA:2,2
DA:3,2
DA:4,2
DA:5,2
DA:7,2
DA:11,2
DA:13,2
DA:18,2
DA:23,2
DA:28,2
DA:34,2
DA:40,2
DA:45,2
LF:14
LH:14
BRF:0
BRH:0
end_of_record
TN:
SF:src\schemas\pagination.schema.ts
FNF:0
FNH:0
DA:1,2
DA:5,2
DA:10,2
DA:15,2
LF:4
LH:4
BRF:0
BRH:0
end_of_record
TN:
SF:src\schemas\product.schema.ts
FN:17,(anonymous_0)
FN:18,(anonymous_1)
FNF:2
FNH:2
FNDA:26,(anonymous_0)
FNDA:26,(anonymous_1)
DA:1,2
DA:4,2
DA:10,2
DA:15,2
DA:17,26
DA:18,26
DA:21,2
LF:7
LH:7
BRF:0
BRH:0
end_of_record
TN:
SF:src\utils\consoleUtil.ts
FN:4,(anonymous_1)
FN:6,(anonymous_2)
FN:12,(anonymous_3)
FN:16,(anonymous_4)
FN:20,(anonymous_5)
FNF:5
FNH:5
FNDA:6,(anonymous_1)
FNDA:9,(anonymous_2)
FNDA:3,(anonymous_3)
FNDA:2,(anonymous_4)
FNDA:1,(anonymous_5)
DA:1,3
DA:4,3
DA:6,6
DA:7,9
DA:9,6
DA:12,3
DA:13,3
DA:16,3
DA:17,2
DA:20,3
DA:21,1
LF:11
LH:11
BRDA:7,0,0,6
BRDA:7,0,1,3
BRF:2
BRH:2
end_of_record
TN:
SF:src\utils\objectUtil.ts
FN:5,(anonymous_0)
FN:12,(anonymous_1)
FNF:2
FNH:2
FNDA:10,(anonymous_0)
FNDA:26,(anonymous_1)
DA:5,3
DA:10,10
DA:12,10
DA:14,26
DA:16,26
DA:17,1
DA:20,25
DA:21,25
DA:24,25
DA:25,9
DA:29,25
DA:30,1
DA:33,10
LF:13
LH:13
BRDA:5,0,0,7
BRDA:6,1,0,9
BRDA:7,2,0,7
BRDA:14,3,0,2
BRDA:14,3,1,24
BRDA:16,4,0,1
BRDA:24,5,0,9
BRDA:29,6,0,1
BRDA:29,7,0,25
BRDA:29,7,1,3
BRDA:29,7,2,1
BRDA:29,7,3,1
BRF:12
BRH:12
end_of_record
TN:
SF:src\utils\pageUtils.ts
FN:3,(anonymous_0)
FN:9,(anonymous_1)
FNF:2
FNH:2
FNDA:2,(anonymous_0)
FNDA:2,(anonymous_1)
DA:3,2
DA:4,2
DA:5,2
DA:6,2
DA:9,2
DA:11,2
DA:12,2
DA:13,2
DA:14,2
LF:9
LH:9
BRF:0
BRH:0
end_of_record
